Preparing fciqmc
Size of primary data structures per rank: 13.5 MB
parallel fciqmc compiled in 4.37141021 seconds
Finding ground state for:
BoseHubbardReal1D{Float64}
  n: Int64 50
  m: Int64 50
  u: Float64 6.0
  t: Float64 1.0
  AT: BSAdd128 <: BitStringAddressType

Strategies for run:
RunTillLastStep
  step: Int64 1
  laststep: Int64 4000
  shiftMode: Bool false
  shift: Float64 0.0
  dτ: Float64 0.0001
DelayedLogUpdateAfterTargetWalkers
  targetwalkers: Int64 1000000
  ζ: Float64 0.3
  a: Int64 10
ConstantTimeStep()
DistributeStrategy: MPIOSWin{Pair{BSAdd128,Int64}}
  mpiid: 1
  np: 12
  id: 0
  comm: MPI.Comm(MPI.MPI_Comm(0x44000000))
  MPI.Win and buf::Vector{Pair{BSAdd128,Int64}} with capacity 14564
  MPI.Win for number of elements in buffer

Starting main calculation with 4000 steps. Hang on ...
4000 fciqmc steps finished in 521.798027951 seconds, or about 8 minutes
written data to disk
Finished in overall 9 minutes
